#
# Topology file: generated on Tue May  7 14:20:17 2013 by ibnetdiscover
#
# Initiated from node 00117500007ea9b2 port 00117500007ea9b2

vendid=0x8f1
devid=0x5a5a
sysimgguid=0x8f10500200135
switchguid=0x8f10500200134(8f10500200134)
Switch	36 "S-0008f10500200134"		# "ibswitch" enhanced port 0 lid 1 lmc 0
[4]	"H-001e0bffff4cafc0"[1](1e0bffff4cafc1) 		# "node2" lid 3 4xFDR
[5]	"H-0002c90300001dd0"[1](2c90300001dd1) 		# "node1" lid 8 4xFDR

vendid=0x2c9
devid=0x634a
sysimgguid=0x2c90300001dd3
caguid=0x2c90300001dd0
Ca	2 "H-0002c90300001dd0"		# "node1"
[1](2c90300001dd1) 	"S-0008f10500200134"[5]		# lid 8 lmc 0 "ibswitch" lid 1 4xFDR

vendid=0x2c9
devid=0x6732
sysimgguid=0x1e0bffff4cafc3
caguid=0x1e0bffff4cafc0
Ca	2 "H-001e0bffff4cafc0"		# "node2"
[1](1e0bffff4cafc1) 	"S-0008f10500200134"[4]		# lid 3 lmc 0 "ibswitch" lid 1 4xFDR
